<?xml version="1.0" encoding="UTF-8"?>
<!-- Generated by org.testng.reporters.JUnitXMLReporter -->
<testsuite ignored="0" hostname="DESKTOP-HU32N3R" failures="0" tests="2" name="Validating coutry title cucumber" time="32.095" errors="0" timestamp="2021-11-06T20:09:17 IST">
  <testcase classname="io.cucumber.testng.AbstractTestNGCucumberTests" name="runScenario" time="15.208"/>
  <testcase classname="io.cucumber.testng.AbstractTestNGCucumberTests" name="runScenario" time="16.859"/>
</testsuite> <!-- Validating coutry title cucumber -->
